pygame 2.0.2 (SDL 2.0.16, Python 3.10.0)
Hello from the pygame community. https://www.pygame.org/contribute.html
Detailed Test Output Format
Frame <id> :: spaceship_pos :: asteroid_pos_ls :: bullet_pos_ls :: fuel :: score
Frame 0 :: spaceship 450.0,300.0,90,0 :: [asteroid_small 279.0,573.0,322,0, asteroid_large 636.0,312.0,149,1] :: [] :: 30 :: 0
Frame 1 :: spaceship 450.0,300.0,90,0 :: [asteroid_small 281.4,574.8,322,0, asteroid_large 633.4,310.5,149,1] :: [] :: 29 :: 0
Frame 2 :: spaceship 450.0,300.0,90,0 :: [asteroid_small 283.7,576.7,322,0, asteroid_large 630.9,308.9,149,1] :: [] :: 28 :: 0
Frame 3 :: spaceship 450.0,300.0,90,0 :: [asteroid_small 286.1,578.5,322,0, asteroid_large 628.3,307.4,149,1] :: [] :: 27 :: 0
Frame 4 :: spaceship 450.0,300.0,90,0 :: [asteroid_small 288.5,580.4,322,0, asteroid_large 625.7,305.8,149,1] :: [] :: 26 :: 0
Frame 5 :: spaceship 450.0,300.0,90,0 :: [asteroid_small 290.8,582.2,322,0, asteroid_large 623.1,304.3,149,1] :: [] :: 25 :: 0
Frame 6 :: spaceship 450.0,300.0,90,0 :: [asteroid_small 293.2,584.1,322,0, asteroid_large 620.6,302.7,149,1] :: [] :: 24 :: 0
Frame 7 :: spaceship 450.0,300.0,90,0 :: [asteroid_small 295.5,585.9,322,0, asteroid_large 618.0,301.2,149,1] :: [] :: 23 :: 0
75% fuel warning: 22 remaining
Frame 8 :: spaceship 450.0,300.0,90,0 :: [asteroid_small 297.9,587.8,322,0, asteroid_large 615.4,299.6,149,1] :: [] :: 22 :: 0
Frame 9 :: spaceship 450.0,300.0,90,0 :: [asteroid_small 300.3,589.6,322,0, asteroid_large 612.9,298.1,149,1] :: [] :: 21 :: 0
Frame 10 :: spaceship 450.0,300.0,90,0 :: [asteroid_small 302.6,591.5,322,0, asteroid_large 610.3,296.5,149,1] :: [] :: 20 :: 0
Frame 11 :: spaceship 450.0,300.0,90,0 :: [asteroid_small 305.0,593.3,322,0, asteroid_large 607.7,295.0,149,1] :: [] :: 19 :: 0
Frame 12 :: spaceship 450.0,300.0,90,0 :: [asteroid_small 307.4,595.2,322,0, asteroid_large 605.1,293.5,149,1] :: [] :: 18 :: 0
Frame 13 :: spaceship 450.0,300.0,90,0 :: [asteroid_small 309.7,597.0,322,0, asteroid_large 602.6,291.9,149,1] :: [] :: 17 :: 0
Frame 14 :: spaceship 450.0,300.0,90,0 :: [asteroid_small 312.1,598.9,322,0, asteroid_large 600.0,290.4,149,1] :: [] :: 16 :: 0
50% fuel warning: 15 remaining
Frame 15 :: spaceship 450.0,300.0,90,0 :: [asteroid_small 314.5,0.7,322,0, asteroid_large 597.4,288.8,149,1] :: [] :: 15 :: 0
Frame 16 :: spaceship 450.0,300.0,90,0 :: [asteroid_small 316.8,2.6,322,0, asteroid_large 594.9,287.3,149,1] :: [] :: 14 :: 0
Frame 17 :: spaceship 450.0,300.0,90,0 :: [asteroid_small 319.2,4.4,322,0, asteroid_large 592.3,285.7,149,1] :: [] :: 13 :: 0
Frame 18 :: spaceship 450.0,300.0,90,0 :: [asteroid_small 321.6,6.2,322,0, asteroid_large 589.7,284.2,149,1] :: [] :: 12 :: 0
Frame 19 :: spaceship 450.0,300.0,90,0 :: [asteroid_small 323.9,8.1,322,0, asteroid_large 587.1,282.6,149,1] :: [] :: 11 :: 0
Frame 20 :: spaceship 450.0,300.0,90,0 :: [asteroid_small 326.3,9.9,322,0, asteroid_large 584.6,281.1,149,1] :: [] :: 10 :: 0
Frame 21 :: spaceship 450.0,300.0,90,0 :: [asteroid_small 328.6,11.8,322,0, asteroid_large 582.0,279.6,149,1] :: [] :: 9 :: 0
Frame 22 :: spaceship 450.0,300.0,90,0 :: [asteroid_small 331.0,13.6,322,0, asteroid_large 579.4,278.0,149,1] :: [] :: 8 :: 0
25% fuel warning: 7 remaining
Frame 23 :: spaceship 450.0,300.0,90,0 :: [asteroid_small 333.4,15.5,322,0, asteroid_large 576.9,276.5,149,1] :: [] :: 7 :: 0
Frame 24 :: spaceship 450.0,300.0,90,0 :: [asteroid_small 335.7,17.3,322,0, asteroid_large 574.3,274.9,149,1] :: [] :: 6 :: 0
Frame 25 :: spaceship 450.0,300.0,90,0 :: [asteroid_small 338.1,19.2,322,0, asteroid_large 571.7,273.4,149,1] :: [] :: 5 :: 0
Frame 26 :: spaceship 450.0,300.0,90,0 :: [asteroid_small 340.5,21.0,322,0, asteroid_large 569.1,271.8,149,1] :: [] :: 4 :: 0
Frame 27 :: spaceship 450.0,300.0,90,0 :: [asteroid_small 342.8,22.9,322,0, asteroid_large 566.6,270.3,149,1] :: [] :: 3 :: 0
Frame 28 :: spaceship 450.0,300.0,90,0 :: [asteroid_small 345.2,24.7,322,0, asteroid_large 564.0,268.7,149,1] :: [] :: 2 :: 0
Frame 29 :: spaceship 450.0,300.0,90,0 :: [asteroid_small 347.6,26.6,322,0, asteroid_large 561.4,267.2,149,1] :: [] :: 1 :: 0
